d:\atom\design_patterns\galaxynotes\galaxynotes\debug\vc141.pdb
d:\atom\design_patterns\galaxynotes\galaxynotes\debug\vc141.idb
d:\atom\design_patterns\galaxynotes\galaxynotes\debug\todolist.obj
d:\atom\design_patterns\galaxynotes\galaxynotes\debug\task.obj
d:\atom\design_patterns\galaxynotes\galaxynotes\debug\starrepository.obj
d:\atom\design_patterns\galaxynotes\galaxynotes\debug\starlistfactory.obj
d:\atom\design_patterns\galaxynotes\galaxynotes\debug\luggagelist.obj
d:\atom\design_patterns\galaxynotes\galaxynotes\debug\iterator.obj
d:\atom\design_patterns\galaxynotes\galaxynotes\debug\item.obj
d:\atom\design_patterns\galaxynotes\galaxynotes\debug\grocerylist.obj
d:\atom\design_patterns\galaxynotes\galaxynotes\debug\galaxynotes.obj
d:\atom\design_patterns\galaxynotes\galaxynotes\debug\datetime.obj
d:\atom\design_patterns\galaxynotes\galaxynotes\debug\container.obj
d:\atom\design_patterns\galaxynotes\debug\galaxynotes.pdb
d:\atom\design_patterns\galaxynotes\galaxynotes\debug\galaxynotes.tlog\cl.command.1.tlog
d:\atom\design_patterns\galaxynotes\galaxynotes\debug\galaxynotes.tlog\cl.read.1.tlog
d:\atom\design_patterns\galaxynotes\galaxynotes\debug\galaxynotes.tlog\cl.write.1.tlog
d:\atom\design_patterns\galaxynotes\galaxynotes\debug\galaxynotes.tlog\link-cvtres.read.1.tlog
d:\atom\design_patterns\galaxynotes\galaxynotes\debug\galaxynotes.tlog\link-cvtres.write.1.tlog
d:\atom\design_patterns\galaxynotes\galaxynotes\debug\galaxynotes.tlog\link-rc.read.1.tlog
d:\atom\design_patterns\galaxynotes\galaxynotes\debug\galaxynotes.tlog\link-rc.write.1.tlog
d:\atom\design_patterns\galaxynotes\galaxynotes\debug\galaxynotes.tlog\link.command.1.tlog
d:\atom\design_patterns\galaxynotes\galaxynotes\debug\galaxynotes.tlog\link.read.1.tlog
d:\atom\design_patterns\galaxynotes\galaxynotes\debug\galaxynotes.tlog\link.write.1.tlog
